Change Component Designator: Old Designator=C? New Designator=C17
Change Component Designator: Old Designator=C? New Designator=C18
Change Component Designator: Old Designator=C? New Designator=C19
Change Component Designator: Old Designator=C? New Designator=C20
Change Component Designator: Old Designator=D? New Designator=D12
Change Component Designator: Old Designator=D? New Designator=D13
Change Component Designator: Old Designator=D? New Designator=D14
Change Component Designator: Old Designator=D? New Designator=D15
Change Component Designator: Old Designator=D? New Designator=D16
Change Component Designator: Old Designator=D? New Designator=D17
Change Component Designator: Old Designator=D? New Designator=D18
Change Component Designator: Old Designator=D? New Designator=D19
Change Component Designator: Old Designator=D? New Designator=D20
Change Component Designator: Old Designator=Q? New Designator=Q9
Change Component Designator: Old Designator=Q? New Designator=Q10
Change Component Designator: Old Designator=Q? New Designator=Q11
Change Component Designator: Old Designator=Q? New Designator=Q12
Change Component Designator: Old Designator=Q? New Designator=Q13
Change Component Designator: Old Designator=Q? New Designator=Q14
Change Component Designator: Old Designator=R? New Designator=R25
Change Component Designator: Old Designator=R? New Designator=R26
Change Component Designator: Old Designator=R? New Designator=R27
Change Component Designator: Old Designator=R? New Designator=R28
Change Component Designator: Old Designator=R? New Designator=R29
Change Component Designator: Old Designator=R? New Designator=R30
Change Component Designator: Old Designator=R? New Designator=R31
Change Component Designator: Old Designator=R? New Designator=R32
Change Component Designator: Old Designator=R? New Designator=R33
Change Component Designator: Old Designator=R? New Designator=R34
Change Component Designator: Old Designator=R? New Designator=R35
Change Component Designator: Old Designator=R? New Designator=R36
Change Component Designator: Old Designator=U? New Designator=U6
